<?xml version="1.0" encoding="UTF-8"?>
<Site BuildName="Win32-ninja"
	BuildStamp="20231025-0702-Experimental"
	Name="Francesco"
	Generator="ctest-3.26.4"
	CompilerName="C:/strawberry/c/bin/g++.exe"
	CompilerVersion=""
	OSName="Windows"
	Hostname="Francesco"
	OSRelease=" Personal"
	OSVersion=" (Build 9200)"
	OSPlatform="AMD64"
	Is64Bits="1"
	VendorString=""
	VendorID="Unknown Manufacturer"
	FamilyID="0"
	ModelID="0"
	ProcessorCacheSize="0"
	NumberOfLogicalCPU="16"
	NumberOfPhysicalCPU="8"
	TotalVirtualMemory="17622"
	TotalPhysicalMemory="16085"
	LogicalProcessorsPerPhysical="2"
	ProcessorClockFrequency="2304"
	>
	<Testing>
		<StartDateTime>Oct 25 09:23 ora legale Europa occidentale</StartDateTime>
		<StartTestTime>1698218607</StartTestTime>
		<TestList/>
		<EndDateTime>Oct 25 09:23 ora legale Europa occidentale</EndDateTime>
		<EndTestTime>1698218607</EndTestTime>
		<ElapsedMinutes>0</ElapsedMinutes>
	</Testing>
</Site>
